<?xml version="1.0" encoding="UTF-8"?>
<testsuite name="DisneyRequestsTest" tests="3" skipped="0" failures="0" errors="0" timestamp="2019-05-13T16:57:44" hostname="169-231-146-134.wireless.ucsb.edu" time="1.505">
  <properties/>
  <testcase name="invalidURLCase" classname="DisneyRequestsTest" time="0.789"/>
  <testcase name="validButNotJsonURL" classname="DisneyRequestsTest" time="0.284"/>
  <testcase name="normalSuccessCase" classname="DisneyRequestsTest" time="0.432"/>
  <system-out><![CDATA[]]></system-out>
  <system-err><![CDATA[]]></system-err>
</testsuite>
