<?xml version="1.0" encoding="UTF-8"?>
<testsuite name="TableEntryTest" tests="4" skipped="0" failures="0" errors="0" timestamp="2019-05-13T16:57:44" hostname="169-231-146-134.wireless.ucsb.edu" time="0.014">
  <properties/>
  <testcase name="testValidConstructor" classname="TableEntryTest" time="0.007"/>
  <testcase name="testInvalidConstructor" classname="TableEntryTest" time="0.001"/>
  <testcase name="testBaseConstructor" classname="TableEntryTest" time="0.0"/>
  <testcase name="testWeather" classname="TableEntryTest" time="0.001"/>
  <system-out><![CDATA[]]></system-out>
  <system-err><![CDATA[]]></system-err>
</testsuite>
