<?xml version="1.0" encoding="UTF-8"?>
<testsuite name="LocalWeatherTest" tests="1" skipped="0" failures="0" errors="0" timestamp="2019-05-13T16:57:46" hostname="169-231-146-134.wireless.ucsb.edu" time="0.882">
  <properties/>
  <testcase name="testWeather" classname="LocalWeatherTest" time="0.882"/>
  <system-out><![CDATA[]]></system-out>
  <system-err><![CDATA[]]></system-err>
</testsuite>
