<?xml version="1.0" encoding="UTF-8"?>
<testsuite name="CSVManagerTest" tests="2" skipped="0" failures="0" errors="0" timestamp="2019-05-13T16:57:44" hostname="169-231-146-134.wireless.ucsb.edu" time="0.006">
  <properties/>
  <testcase name="testFileReadWrite" classname="CSVManagerTest" time="0.003"/>
  <testcase name="testFileCreation" classname="CSVManagerTest" time="0.003"/>
  <system-out><![CDATA[]]></system-out>
  <system-err><![CDATA[]]></system-err>
</testsuite>
