<?xml version="1.0" encoding="UTF-8"?>
<testsuite name="SuccessTest" tests="1" skipped="0" failures="0" errors="0" timestamp="2019-05-13T16:57:47" hostname="169-231-146-134.wireless.ucsb.edu" time="0.0">
  <properties/>
  <testcase name="successfulTest" classname="SuccessTest" time="0.0"/>
  <system-out><![CDATA[]]></system-out>
  <system-err><![CDATA[]]></system-err>
</testsuite>
